<?xml version="1.0" encoding="UTF-8"?>
<!-- Generated by org.testng.reporters.JUnitReportReporter -->
<testsuite hostname="DESKTOP-RCRV1M4" failures="0" tests="1" name="testCases.TC_Login_Test" time="0.000" errors="0" timestamp="07 Dec 2024 10:20:05 GMT" skipped="1">
  <testcase classname="testCases.TC_Login_Test" name="Verify_login" time="0.000">
    <skipped/>
  </testcase> <!-- Verify_login -->
</testsuite> <!-- testCases.TC_Login_Test -->
