<?xml version="1.0" encoding="UTF-8"?>
<!-- Generated by org.testng.reporters.JUnitReportReporter -->
<testsuite hostname="DESKTOP-RCRV1M4" failures="0" tests="1" name="testCases.TC_AccountRegistration_Test" time="29.982" errors="0" timestamp="2025-02-19T16:20:49 IST" skipped="0">
  <testcase classname="testCases.TC_AccountRegistration_Test" name="Verify_AccountRegistration" time="29.982"/>
  <system-out/>
</testsuite> <!-- testCases.TC_AccountRegistration_Test -->
