<?xml version="1.0" encoding="UTF-8"?>
<!-- Generated by org.testng.reporters.JUnitReportReporter -->
<testsuite hostname="DESKTOP-RCRV1M4" failures="0" tests="5" name="testCases.TC_LoginTest_DDT" time="88.407" errors="0" timestamp="23 Sep 2024 10:24:30 GMT" skipped="0">
  <testcase classname="testCases.TC_LoginTest_DDT" name="Verify_LoginTest" time="18.735"/>
  <testcase classname="testCases.TC_LoginTest_DDT" name="Verify_LoginTest" time="14.406"/>
  <testcase classname="testCases.TC_LoginTest_DDT" name="Verify_LoginTest" time="22.110"/>
  <testcase classname="testCases.TC_LoginTest_DDT" name="Verify_LoginTest" time="18.791"/>
  <testcase classname="testCases.TC_LoginTest_DDT" name="Verify_LoginTest" time="14.365"/>
</testsuite> <!-- testCases.TC_LoginTest_DDT -->
