<?xml version="1.0" encoding="UTF-8"?>
<!-- Generated by org.testng.reporters.JUnitReportReporter -->
<testsuite hostname="DESKTOP-RCRV1M4" failures="0" tests="1" name="testCases.TC_AccountRegistration_Test" time="19.660" errors="0" timestamp="01 Feb 2025 10:52:33 GMT" skipped="0">
  <testcase classname="testCases.TC_AccountRegistration_Test" name="Verify_AccountRegistration" time="19.660"/>
</testsuite> <!-- testCases.TC_AccountRegistration_Test -->
