<?xml version="1.0" encoding="UTF-8"?>
<!-- Generated by org.testng.reporters.JUnitReportReporter -->
<testsuite hostname="DESKTOP-RCRV1M4" failures="0" tests="1" name="testCases.TC_AccountRegistration_Test" time="21.250" errors="0" timestamp="2025-02-19T15:21:12 IST" skipped="0">
  <testcase classname="testCases.TC_AccountRegistration_Test" name="Verify_AccountRegistration" time="21.250"/>
</testsuite> <!-- testCases.TC_AccountRegistration_Test -->
