<?xml version="1.0" encoding="UTF-8"?>
<!-- Generated by org.testng.reporters.JUnitReportReporter -->
<testsuite hostname="DESKTOP-RCRV1M4" failures="0" tests="1" name="testCases.TC_AccountRegistration_Test" time="21.679" errors="0" timestamp="2025-02-03T14:50:56 IST" skipped="0">
  <testcase classname="testCases.TC_AccountRegistration_Test" name="Verify_AccountRegistration" time="21.679"/>
</testsuite> <!-- testCases.TC_AccountRegistration_Test -->
